<?xml version="1.0" encoding="UTF-8"?>
<testsuite xmlns:xsi="http://www.w3.org/2001/XMLSchema-instance" xsi:schemaLocation="https://maven.apache.org/surefire/maven-surefire-plugin/xsd/surefire-test-report.xsd" name="TestSuite" time="955.256" tests="28" errors="0" skipped="0" failures="1">
  <properties>
    <property name="java.runtime.name" value="Java(TM) SE Runtime Environment"/>
    <property name="java.vm.version" value="13.0.1+9"/>
    <property name="sun.boot.library.path" value="C:\Program Files\Java\jdk-13.0.1\bin"/>
    <property name="maven.multiModuleProjectDirectory" value="C:\Users\User\eclipse-workspace\Sumup"/>
    <property name="java.vm.vendor" value="Oracle Corporation"/>
    <property name="java.vendor.url" value="https://java.oracle.com/"/>
    <property name="guice.disable.misplaced.annotation.check" value="true"/>
    <property name="path.separator" value=";"/>
    <property name="java.vm.name" value="Java HotSpot(TM) 64-Bit Server VM"/>
    <property name="sun.os.patch.level" value=""/>
    <property name="user.script" value=""/>
    <property name="user.country" value="GB"/>
    <property name="sun.java.launcher" value="SUN_STANDARD"/>
    <property name="java.vm.specification.name" value="Java Virtual Machine Specification"/>
    <property name="user.dir" value="C:\Users\User\eclipse-workspace\Sumup"/>
    <property name="java.vm.compressedOopsMode" value="Zero based"/>
    <property name="java.runtime.version" value="13.0.1+9"/>
    <property name="os.arch" value="amd64"/>
    <property name="java.io.tmpdir" value="C:\Users\User\AppData\Local\Temp\"/>
    <property name="line.separator" value="&#10;"/>
    <property name="java.vm.specification.vendor" value="Oracle Corporation"/>
    <property name="user.variant" value=""/>
    <property name="os.name" value="Windows 10"/>
    <property name="classworlds.conf" value="C:\Maven\apache-maven-3.6.3\bin\..\bin\m2.conf"/>
    <property name="sun.jnu.encoding" value="Cp1252"/>
    <property name="java.library.path" value="C:\Program Files\Java\jdk-13.0.1\bin;C:\WINDOWS\Sun\Java\bin;C:\WINDOWS\system32;C:\WINDOWS;C:\Program Files (x86)\Common Files\Oracle\Java\javapath;C:\Program Files (x86)\Intel\Intel(R) Management Engine Components\iCLS\;C:\Program Files\Intel\Intel(R) Management Engine Components\iCLS\;C:\WINDOWS\system32;C:\WINDOWS;C:\WINDOWS\System32\Wbem;C:\WINDOWS\System32\WindowsPowerShell\v1.0\;C:\Program Files (x86)\Intel\Intel(R) Management Engine Components\DAL;C:\Program Files\Intel\Intel(R) Management Engine Components\DAL;C:\Program Files (x86)\Intel\Intel(R) Management Engine Components\IPT;C:\Program Files\Intel\Intel(R) Management Engine Components\IPT;C:\WINDOWS\System32\OpenSSH\;C:\xampp\php;C:\Program Files\Git\cmd;C:\Program Files\Java\jdk-13.0.1\bin;C:\Maven\apache-maven-3.6.3\bin;C:\ProgramData\ComposerSetup\bin;C:\Users\User\AppData\Local\Microsoft\WindowsApps;C:\Users\User\AppData\Roaming\Composer\vendor\bin;C:\Program Files\JetBrains\PhpStorm 2019.2.3\bin;;;."/>
    <property name="maven.conf" value="C:\Maven\apache-maven-3.6.3\bin\../conf"/>
    <property name="jdk.debug" value="release"/>
    <property name="java.class.version" value="57.0"/>
    <property name="java.specification.name" value="Java Platform API Specification"/>
    <property name="sun.management.compiler" value="HotSpot 64-Bit Tiered Compilers"/>
    <property name="os.version" value="10.0"/>
    <property name="library.jansi.path" value="C:\Maven\apache-maven-3.6.3\bin\..\lib\jansi-native"/>
    <property name="user.home" value="C:\Users\User"/>
    <property name="user.timezone" value="Asia/Saigon"/>
    <property name="file.encoding" value="Cp1252"/>
    <property name="java.specification.version" value="13"/>
    <property name="user.name" value="User"/>
    <property name="java.class.path" value="C:\Maven\apache-maven-3.6.3\bin\..\boot\plexus-classworlds-2.6.0.jar"/>
    <property name="java.vm.specification.version" value="13"/>
    <property name="sun.arch.data.model" value="64"/>
    <property name="sun.java.command" value="org.codehaus.plexus.classworlds.launcher.Launcher clean test"/>
    <property name="java.home" value="C:\Program Files\Java\jdk-13.0.1"/>
    <property name="user.language" value="en"/>
    <property name="java.specification.vendor" value="Oracle Corporation"/>
    <property name="java.vm.info" value="mixed mode, sharing"/>
    <property name="java.version" value="13.0.1"/>
    <property name="java.vendor" value="Oracle Corporation"/>
    <property name="sun.stderr.encoding" value="cp850"/>
    <property name="maven.home" value="C:\Maven\apache-maven-3.6.3\bin\.."/>
    <property name="file.separator" value="\"/>
    <property name="java.version.date" value="2019-10-15"/>
    <property name="java.vendor.url.bug" value="https://bugreport.java.com/bugreport/"/>
    <property name="sun.io.unicode.encoding" value="UnicodeLittle"/>
    <property name="sun.cpu.endian" value="little"/>
    <property name="sun.stdout.encoding" value="cp850"/>
    <property name="sun.cpu.isalist" value="amd64"/>
  </properties>
  <testcase name="testLoginWithInvalidEmail" classname="testcases.LoginPageTest" time="32.847"/>
  <testcase name="testLoginWithInvalidEmail" classname="testcases.LoginPageTest" time="17.514"/>
  <testcase name="testLoginWithInvalidPass" classname="testcases.LoginPageTest" time="20.62"/>
  <testcase name="testLoginWithInvalidPass" classname="testcases.LoginPageTest" time="16.972"/>
  <testcase name="testLoginSuccessfull" classname="testcases.LoginPageTest" time="22.345"/>
  <testcase name="testLogout" classname="testcases.LogoutPageTest" time="48.892"/>
  <testcase name="testSignup" classname="testcases.SignupPageTest" time="33.923"/>
  <testcase name="testClickOnAProduct" classname="testcases.HomePageTest" time="36.543"/>
  <testcase name="testClickOnCreateAnAccount" classname="testcases.HomePageTest" time="8.43"/>
  <testcase name="testClickOnSignIn" classname="testcases.HomePageTest" time="8.011"/>
  <testcase name="testOpenCategory" classname="testcases.HomePageTest" time="13.634"/>
  <testcase name="testSearchInvalidInput" classname="testcases.HomePageTest" time="6.683"/>
  <testcase name="testSearchValidInput" classname="testcases.HomePageTest" time="8.275"/>
  <testcase name="testChangePasswordSuccessful" classname="testcases.MyAccountPageTest" time="25.523"/>
  <testcase name="testChangePasswordWithInvalidCurrentPassword" classname="testcases.MyAccountPageTest" time="23.921"/>
  <testcase name="testChangePasswordWithInvalidCurrentPassword" classname="testcases.MyAccountPageTest" time="66.8">
    <failure message="Expected condition failed: waiting for visibility of element located by By.xpath: //div[@class=&apos;panel header&apos;][.//button[@class=&apos;action switch&apos;]]//a[contains(text(),&apos;My Account&apos;)] (tried for 60 second(s) with 500 milliseconds interval)&#10;Build info: version: &apos;3.14.0&apos;, revision: &apos;aacccce0&apos;, time: &apos;2018-08-02T20:19:58.91Z&apos;&#10;System info: host: &apos;DESKTOP-BP3T59L&apos;, ip: &apos;192.168.11.101&apos;, os.name: &apos;Windows 10&apos;, os.arch: &apos;amd64&apos;, os.version: &apos;10.0&apos;, java.version: &apos;13.0.1&apos;&#10;Driver info: org.openqa.selenium.chrome.ChromeDriver&#10;Capabilities {acceptInsecureCerts: false, browserName: chrome, browserVersion: 83.0.4103.116, chrome: {chromedriverVersion: 83.0.4103.39 (ccbf011cb2d2b..., userDataDir: C:\Users\User\AppData\Local...}, goog:chromeOptions: {debuggerAddress: localhost:57983}, javascriptEnabled: true, networkConnectionEnabled: false, pageLoadStrategy: normal, platform: WINDOWS, platformName: WINDOWS, proxy: Proxy(), setWindowRect: true, strictFileInteractability: false, timeouts: {implicit: 0, pageLoad: 300000, script: 30000}, unhandledPromptBehavior: dismiss and notify, webauthn:virtualAuthenticators: true}&#10;Session ID: 6f3e5e4764383d2ed03d46f76c025713" type="org.openqa.selenium.TimeoutException">org.openqa.selenium.TimeoutException: 
Expected condition failed: waiting for visibility of element located by By.xpath: //div[@class='panel header'][.//button[@class='action switch']]//a[contains(text(),'My Account')] (tried for 60 second(s) with 500 milliseconds interval)
Build info: version: '3.14.0', revision: 'aacccce0', time: '2018-08-02T20:19:58.91Z'
System info: host: 'DESKTOP-BP3T59L', ip: '192.168.11.101', os.name: 'Windows 10', os.arch: 'amd64', os.version: '10.0', java.version: '13.0.1'
Driver info: org.openqa.selenium.chrome.ChromeDriver
Capabilities {acceptInsecureCerts: false, browserName: chrome, browserVersion: 83.0.4103.116, chrome: {chromedriverVersion: 83.0.4103.39 (ccbf011cb2d2b..., userDataDir: C:\Users\User\AppData\Local...}, goog:chromeOptions: {debuggerAddress: localhost:57983}, javascriptEnabled: true, networkConnectionEnabled: false, pageLoadStrategy: normal, platform: WINDOWS, platformName: WINDOWS, proxy: Proxy(), setWindowRect: true, strictFileInteractability: false, timeouts: {implicit: 0, pageLoad: 300000, script: 30000}, unhandledPromptBehavior: dismiss and notify, webauthn:virtualAuthenticators: true}
Session ID: 6f3e5e4764383d2ed03d46f76c025713
	at testcases.MyAccountPageTest.testChangePasswordWithInvalidCurrentPassword(MyAccountPageTest.java:47)
</failure>
  </testcase>
  <testcase name="testChangePasswordWithInvalidConfirmPassword" classname="testcases.MyAccountPageTest" time="18.284"/>
  <testcase name="testChangeBillingAddressSuccessful" classname="testcases.MyAccountPageTest" time="23.084"/>
  <testcase name="clearAllProductInWishlist" classname="testcases.WishlistPageTest" time="60.735"/>
  <testcase name="addProducts" classname="testcases.WishlistPageTest" time="29.264"/>
  <testcase name="verifyThreeButton" classname="testcases.WishlistPageTest" time="0.937"/>
  <testcase name="verifyProductInfoInWishList" classname="testcases.WishlistPageTest" time="0.996"/>
  <testcase name="verifySortByPrice" classname="testcases.CategoryPageTest" time="78.944"/>
  <testcase name="addProductsToCartPage" classname="testcases.CategoryPageTest" time="4.706"/>
  <testcase name="verifyProductInfoInWishlistOnLeftBar" classname="testcases.CategoryPageTest" time="17.386"/>
  <testcase name="verifyProductInfoInCompareOnLeftBar" classname="testcases.CategoryPageTest" time="14.111"/>
  <testcase name="verifyFilter" classname="testcases.CategoryPageTest" time="16.854"/>
  <testcase name="verifyCheckOutpage" classname="testcases.CheckoutPageTest" time="136.929"/>
</testsuite>